<?xml version="1.0" encoding="UTF-8"?>
<testng-results ignored="0" total="1" passed="1" failed="0" skipped="0">
  <reporter-output>
  </reporter-output>
  <suite started-at="2025-07-08T13:21:35 IST" name="Default suite" finished-at="2025-07-08T13:21:39 IST" duration-ms="3414">
    <groups>
    </groups>
    <test started-at="2025-07-08T13:21:35 IST" name="Default test" finished-at="2025-07-08T13:21:39 IST" duration-ms="3414">
      <class name="OrangeHRMS_T1">
        <test-method signature="Lunchurl()[pri:0, instance:OrangeHRMS_T1@71ba6d4e]" started-at="2025-07-08T13:21:35 IST" name="Lunchurl" finished-at="2025-07-08T13:21:39 IST" duration-ms="3349" status="PASS">
          <reporter-output>
          </reporter-output>
        </test-method> <!-- Lunchurl -->
      </class> <!-- OrangeHRMS_T1 -->
    </test> <!-- Default test -->
  </suite> <!-- Default suite -->
</testng-results>
