<?xml version="1.0" encoding="UTF-8"?>
<testng-results ignored="0" total="1" passed="1" failed="0" skipped="0">
  <reporter-output>
  </reporter-output>
  <suite started-at="2025-07-08T18:25:37 IST" name="Suite" finished-at="2025-07-08T18:25:44 IST" duration-ms="7224">
    <groups>
    </groups>
    <test started-at="2025-07-08T18:25:37 IST" name="Test" finished-at="2025-07-08T18:25:44 IST" duration-ms="7224">
      <class name="OrangeHRMS_T1">
        <test-method signature="Lunchurl()[pri:0, instance:OrangeHRMS_T1@368247b9]" started-at="2025-07-08T18:25:37 IST" name="Lunchurl" finished-at="2025-07-08T18:25:44 IST" duration-ms="7167" status="PASS">
          <reporter-output>
          </reporter-output>
        </test-method> <!-- Lunchurl -->
      </class> <!-- OrangeHRMS_T1 -->
    </test> <!-- Test -->
  </suite> <!-- Suite -->
</testng-results>
